The system is: Linux - 5.16.16-200.fc35.x86_64 - x86_64
Compiling the C compiler identification source file "CMakeCCompilerId.c" succeeded.
Compiler: /usr/bin/cc 
Build flags: 
Id flags:  

The output was:
0


Compilation of the C compiler identification source "CMakeCCompilerId.c" produced "a.out"

The C compiler identification is GNU, found in "/home/nema/DevOgl/Common/freeglut-3.2.2/build/CMakeFiles/3.22.2/CompilerIdC/a.out"

Compiling the CXX compiler identification source file "CMakeCXXCompilerId.cpp" succeeded.
Compiler: /usr/bin/c++ 
Build flags: 
Id flags:  

The output was:
0


Compilation of the CXX compiler identification source "CMakeCXXCompilerId.cpp" produced "a.out"

The CXX compiler identification is GNU, found in "/home/nema/DevOgl/Common/freeglut-3.2.2/build/CMakeFiles/3.22.2/CompilerIdCXX/a.out"

Detecting C compiler ABI info compiled with the following output:
Change Dir: /home/nema/DevOgl/Common/freeglut-3.2.2/build/CMakeFiles/CMakeTmp

Run Build Command(s):/usr/bin/gmake -f Makefile cmTC_d50f2/fast && /usr/bin/gmake  -f CMakeFiles/cmTC_d50f2.dir/build.make CMakeFiles/cmTC_d50f2.dir/build
gmake[1]: Entering directory '/home/nema/DevOgl/Common/freeglut-3.2.2/build/CMakeFiles/CMakeTmp'
Building C object CMakeFiles/cmTC_d50f2.dir/CMakeCCompilerABI.c.o
/usr/bin/cc   -v -o CMakeFiles/cmTC_d50f2.dir/CMakeCCompilerABI.c.o -c /usr/share/cmake/Modules/CMakeCCompilerABI.c
Using built-in specs.
COLLECT_GCC=/usr/bin/cc
OFFLOAD_TARGET_NAMES=nvptx-none
OFFLOAD_TARGET_DEFAULT=1
Target: x86_64-redhat-linux
Configured with: ../configure --enable-bootstrap --enable-languages=c,c++,fortran,objc,obj-c++,ada,go,d,lto --prefix=/usr --mandir=/usr/share/man --infodir=/usr/share/info --with-bugurl=http://bugzilla.redhat.com/bugzilla --enable-shared --enable-threads=posix --enable-checking=release --enable-multilib --with-system-zlib --enable-__cxa_atexit --disable-libunwind-exceptions --enable-gnu-unique-object --enable-linker-build-id --with-gcc-major-version-only --with-linker-hash-style=gnu --enable-plugin --enable-initfini-array --with-isl=/builddir/build/BUILD/gcc-11.2.1-20220127/obj-x86_64-redhat-linux/isl-install --enable-offload-targets=nvptx-none --without-cuda-driver --enable-gnu-indirect-function --enable-cet --with-tune=generic --with-arch_32=i686 --build=x86_64-redhat-linux --with-build-config=bootstrap-lto --enable-link-serialization=1
Thread model: posix
Supported LTO compression algorithms: zlib zstd
gcc version 11.2.1 20220127 (Red Hat 11.2.1-9) (GCC) 
COLLECT_GCC_OPTIONS='-v' '-o' 'CMakeFiles/cmTC_d50f2.dir/CMakeCCompilerABI.c.o' '-c' '-mtune=generic' '-march=x86-64' '-dumpdir' 'CMakeFiles/cmTC_d50f2.dir/'
 /usr/libexec/gcc/x86_64-redhat-linux/11/cc1 -quiet -v /usr/share/cmake/Modules/CMakeCCompilerABI.c -quiet -dumpdir CMakeFiles/cmTC_d50f2.dir/ -dumpbase CMakeCCompilerABI.c.c -dumpbase-ext .c -mtune=generic -march=x86-64 -version -o /tmp/cciaqcEz.s
GNU C17 (GCC) version 11.2.1 20220127 (Red Hat 11.2.1-9) (x86_64-redhat-linux)
	compiled by GNU C version 11.2.1 20220127 (Red Hat 11.2.1-9), GMP version 6.2.0, MPFR version 4.1.0-p13, MPC version 1.2.1, isl version isl-0.18-GMP

GGC heuristics: --param ggc-min-expand=100 --param ggc-min-heapsize=131072
ignoring nonexistent directory "/usr/lib/gcc/x86_64-redhat-linux/11/include-fixed"
ignoring nonexistent directory "/usr/lib/gcc/x86_64-redhat-linux/11/../../../../x86_64-redhat-linux/include"
#include "..." search starts here:
#include <...> search starts here:
 /usr/lib/gcc/x86_64-redhat-linux/11/include
 /usr/local/include
 /usr/include
End of search list.
GNU C17 (GCC) version 11.2.1 20220127 (Red Hat 11.2.1-9) (x86_64-redhat-linux)
	compiled by GNU C version 11.2.1 20220127 (Red Hat 11.2.1-9), GMP version 6.2.0, MPFR version 4.1.0-p13, MPC version 1.2.1, isl version isl-0.18-GMP

GGC heuristics: --param ggc-min-expand=100 --param ggc-min-heapsize=131072
Compiler executable checksum: 8878ef997f8884938fae95d09b5e3a52
COLLECT_GCC_OPTIONS='-v' '-o' 'CMakeFiles/cmTC_d50f2.dir/CMakeCCompilerABI.c.o' '-c' '-mtune=generic' '-march=x86-64' '-dumpdir' 'CMakeFiles/cmTC_d50f2.dir/'
 as -v --64 -o CMakeFiles/cmTC_d50f2.dir/CMakeCCompilerABI.c.o /tmp/cciaqcEz.s
GNU assembler version 2.37 (x86_64-redhat-linux) using BFD version version 2.37-10.fc35
COMPILER_PATH=/usr/libexec/gcc/x86_64-redhat-linux/11/:/usr/libexec/gcc/x86_64-redhat-linux/11/:/usr/libexec/gcc/x86_64-redhat-linux/:/usr/lib/gcc/x86_64-redhat-linux/11/:/usr/lib/gcc/x86_64-redhat-linux/
LIBRARY_PATH=/usr/lib/gcc/x86_64-redhat-linux/11/:/usr/lib/gcc/x86_64-redhat-linux/11/../../../../lib64/:/lib/../lib64/:/usr/lib/../lib64/:/usr/lib/gcc/x86_64-redhat-linux/11/../../../:/lib/:/usr/lib/
COLLECT_GCC_OPTIONS='-v' '-o' 'CMakeFiles/cmTC_d50f2.dir/CMakeCCompilerABI.c.o' '-c' '-mtune=generic' '-march=x86-64' '-dumpdir' 'CMakeFiles/cmTC_d50f2.dir/CMakeCCompilerABI.c.'
Linking C executable cmTC_d50f2
/usr/bin/cmake -E cmake_link_script CMakeFiles/cmTC_d50f2.dir/link.txt --verbose=1
/usr/bin/cc  -v -rdynamic CMakeFiles/cmTC_d50f2.dir/CMakeCCompilerABI.c.o -o cmTC_d50f2 
Using built-in specs.
COLLECT_GCC=/usr/bin/cc
COLLECT_LTO_WRAPPER=/usr/libexec/gcc/x86_64-redhat-linux/11/lto-wrapper
OFFLOAD_TARGET_NAMES=nvptx-none
OFFLOAD_TARGET_DEFAULT=1
Target: x86_64-redhat-linux
Configured with: ../configure --enable-bootstrap --enable-languages=c,c++,fortran,objc,obj-c++,ada,go,d,lto --prefix=/usr --mandir=/usr/share/man --infodir=/usr/share/info --with-bugurl=http://bugzilla.redhat.com/bugzilla --enable-shared --enable-threads=posix --enable-checking=release --enable-multilib --with-system-zlib --enable-__cxa_atexit --disable-libunwind-exceptions --enable-gnu-unique-object --enable-linker-build-id --with-gcc-major-version-only --with-linker-hash-style=gnu --enable-plugin --enable-initfini-array --with-isl=/builddir/build/BUILD/gcc-11.2.1-20220127/obj-x86_64-redhat-linux/isl-install --enable-offload-targets=nvptx-none --without-cuda-driver --enable-gnu-indirect-function --enable-cet --with-tune=generic --with-arch_32=i686 --build=x86_64-redhat-linux --with-build-config=bootstrap-lto --enable-link-serialization=1
Thread model: posix
Supported LTO compression algorithms: zlib zstd
gcc version 11.2.1 20220127 (Red Hat 11.2.1-9) (GCC) 
COMPILER_PATH=/usr/libexec/gcc/x86_64-redhat-linux/11/:/usr/libexec/gcc/x86_64-redhat-linux/11/:/usr/libexec/gcc/x86_64-redhat-linux/:/usr/lib/gcc/x86_64-redhat-linux/11/:/usr/lib/gcc/x86_64-redhat-linux/
LIBRARY_PATH=/usr/lib/gcc/x86_64-redhat-linux/11/:/usr/lib/gcc/x86_64-redhat-linux/11/../../../../lib64/:/lib/../lib64/:/usr/lib/../lib64/:/usr/lib/gcc/x86_64-redhat-linux/11/../../../:/lib/:/usr/lib/
COLLECT_GCC_OPTIONS='-v' '-rdynamic' '-o' 'cmTC_d50f2' '-mtune=generic' '-march=x86-64' '-dumpdir' 'cmTC_d50f2.'
 /usr/libexec/gcc/x86_64-redhat-linux/11/collect2 -plugin /usr/libexec/gcc/x86_64-redhat-linux/11/liblto_plugin.so -plugin-opt=/usr/libexec/gcc/x86_64-redhat-linux/11/lto-wrapper -plugin-opt=-fresolution=/tmp/cclOq7BL.res -plugin-opt=-pass-through=-lgcc -plugin-opt=-pass-through=-lgcc_s -plugin-opt=-pass-through=-lc -plugin-opt=-pass-through=-lgcc -plugin-opt=-pass-through=-lgcc_s --build-id --no-add-needed --eh-frame-hdr --hash-style=gnu -m elf_x86_64 -export-dynamic -dynamic-linker /lib64/ld-linux-x86-64.so.2 -o cmTC_d50f2 /usr/lib/gcc/x86_64-redhat-linux/11/../../../../lib64/crt1.o /usr/lib/gcc/x86_64-redhat-linux/11/../../../../lib64/crti.o /usr/lib/gcc/x86_64-redhat-linux/11/crtbegin.o -L/usr/lib/gcc/x86_64-redhat-linux/11 -L/usr/lib/gcc/x86_64-redhat-linux/11/../../../../lib64 -L/lib/../lib64 -L/usr/lib/../lib64 -L/usr/lib/gcc/x86_64-redhat-linux/11/../../.. CMakeFiles/cmTC_d50f2.dir/CMakeCCompilerABI.c.o -lgcc --push-state --as-needed -lgcc_s --pop-state -lc -lgcc --push-state --as-needed -lgcc_s --pop-state /usr/lib/gcc/x86_64-redhat-linux/11/crtend.o /usr/lib/gcc/x86_64-redhat-linux/11/../../../../lib64/crtn.o
COLLECT_GCC_OPTIONS='-v' '-rdynamic' '-o' 'cmTC_d50f2' '-mtune=generic' '-march=x86-64' '-dumpdir' 'cmTC_d50f2.'
gmake[1]: Leaving directory '/home/nema/DevOgl/Common/freeglut-3.2.2/build/CMakeFiles/CMakeTmp'



Parsed C implicit include dir info from above output: rv=done
  found start of include info
  found start of implicit include info
    add: [/usr/lib/gcc/x86_64-redhat-linux/11/include]
    add: [/usr/local/include]
    add: [/usr/include]
  end of search list found
  collapse include dir [/usr/lib/gcc/x86_64-redhat-linux/11/include] ==> [/usr/lib/gcc/x86_64-redhat-linux/11/include]
  collapse include dir [/usr/local/include] ==> [/usr/local/include]
  collapse include dir [/usr/include] ==> [/usr/include]
  implicit include dirs: [/usr/lib/gcc/x86_64-redhat-linux/11/include;/usr/local/include;/usr/include]


Parsed C implicit link information from above output:
  link line regex: [^( *|.*[/\])(ld|CMAKE_LINK_STARTFILE-NOTFOUND|([^/\]+-)?ld|collect2)[^/\]*( |$)]
  ignore line: [Change Dir: /home/nema/DevOgl/Common/freeglut-3.2.2/build/CMakeFiles/CMakeTmp]
  ignore line: []
  ignore line: [Run Build Command(s):/usr/bin/gmake -f Makefile cmTC_d50f2/fast && /usr/bin/gmake  -f CMakeFiles/cmTC_d50f2.dir/build.make CMakeFiles/cmTC_d50f2.dir/build]
  ignore line: [gmake[1]: Entering directory '/home/nema/DevOgl/Common/freeglut-3.2.2/build/CMakeFiles/CMakeTmp']
  ignore line: [Building C object CMakeFiles/cmTC_d50f2.dir/CMakeCCompilerABI.c.o]
  ignore line: [/usr/bin/cc   -v -o CMakeFiles/cmTC_d50f2.dir/CMakeCCompilerABI.c.o -c /usr/share/cmake/Modules/CMakeCCompilerABI.c]
  ignore line: [Using built-in specs.]
  ignore line: [COLLECT_GCC=/usr/bin/cc]
  ignore line: [OFFLOAD_TARGET_NAMES=nvptx-none]
  ignore line: [OFFLOAD_TARGET_DEFAULT=1]
  ignore line: [Target: x86_64-redhat-linux]
  ignore line: [Configured with: ../configure --enable-bootstrap --enable-languages=c c++ fortran objc obj-c++ ada go d lto --prefix=/usr --mandir=/usr/share/man --infodir=/usr/share/info --with-bugurl=http://bugzilla.redhat.com/bugzilla --enable-shared --enable-threads=posix --enable-checking=release --enable-multilib --with-system-zlib --enable-__cxa_atexit --disable-libunwind-exceptions --enable-gnu-unique-object --enable-linker-build-id --with-gcc-major-version-only --with-linker-hash-style=gnu --enable-plugin --enable-initfini-array --with-isl=/builddir/build/BUILD/gcc-11.2.1-20220127/obj-x86_64-redhat-linux/isl-install --enable-offload-targets=nvptx-none --without-cuda-driver --enable-gnu-indirect-function --enable-cet --with-tune=generic --with-arch_32=i686 --build=x86_64-redhat-linux --with-build-config=bootstrap-lto --enable-link-serialization=1]
  ignore line: [Thread model: posix]
  ignore line: [Supported LTO compression algorithms: zlib zstd]
  ignore line: [gcc version 11.2.1 20220127 (Red Hat 11.2.1-9) (GCC) ]
  ignore line: [COLLECT_GCC_OPTIONS='-v' '-o' 'CMakeFiles/cmTC_d50f2.dir/CMakeCCompilerABI.c.o' '-c' '-mtune=generic' '-march=x86-64' '-dumpdir' 'CMakeFiles/cmTC_d50f2.dir/']
  ignore line: [ /usr/libexec/gcc/x86_64-redhat-linux/11/cc1 -quiet -v /usr/share/cmake/Modules/CMakeCCompilerABI.c -quiet -dumpdir CMakeFiles/cmTC_d50f2.dir/ -dumpbase CMakeCCompilerABI.c.c -dumpbase-ext .c -mtune=generic -march=x86-64 -version -o /tmp/cciaqcEz.s]
  ignore line: [GNU C17 (GCC) version 11.2.1 20220127 (Red Hat 11.2.1-9) (x86_64-redhat-linux)]
  ignore line: [	compiled by GNU C version 11.2.1 20220127 (Red Hat 11.2.1-9)  GMP version 6.2.0  MPFR version 4.1.0-p13  MPC version 1.2.1  isl version isl-0.18-GMP]
  ignore line: []
  ignore line: [GGC heuristics: --param ggc-min-expand=100 --param ggc-min-heapsize=131072]
  ignore line: [ignoring nonexistent directory "/usr/lib/gcc/x86_64-redhat-linux/11/include-fixed"]
  ignore line: [ignoring nonexistent directory "/usr/lib/gcc/x86_64-redhat-linux/11/../../../../x86_64-redhat-linux/include"]
  ignore line: [#include "..." search starts here:]
  ignore line: [#include <...> search starts here:]
  ignore line: [ /usr/lib/gcc/x86_64-redhat-linux/11/include]
  ignore line: [ /usr/local/include]
  ignore line: [ /usr/include]
  ignore line: [End of search list.]
  ignore line: [GNU C17 (GCC) version 11.2.1 20220127 (Red Hat 11.2.1-9) (x86_64-redhat-linux)]
  ignore line: [	compiled by GNU C version 11.2.1 20220127 (Red Hat 11.2.1-9)  GMP version 6.2.0  MPFR version 4.1.0-p13  MPC version 1.2.1  isl version isl-0.18-GMP]
  ignore line: []
  ignore line: [GGC heuristics: --param ggc-min-expand=100 --param ggc-min-heapsize=131072]
  ignore line: [Compiler executable checksum: 8878ef997f8884938fae95d09b5e3a52]
  ignore line: [COLLECT_GCC_OPTIONS='-v' '-o' 'CMakeFiles/cmTC_d50f2.dir/CMakeCCompilerABI.c.o' '-c' '-mtune=generic' '-march=x86-64' '-dumpdir' 'CMakeFiles/cmTC_d50f2.dir/']
  ignore line: [ as -v --64 -o CMakeFiles/cmTC_d50f2.dir/CMakeCCompilerABI.c.o /tmp/cciaqcEz.s]
  ignore line: [GNU assembler version 2.37 (x86_64-redhat-linux) using BFD version version 2.37-10.fc35]
  ignore line: [COMPILER_PATH=/usr/libexec/gcc/x86_64-redhat-linux/11/:/usr/libexec/gcc/x86_64-redhat-linux/11/:/usr/libexec/gcc/x86_64-redhat-linux/:/usr/lib/gcc/x86_64-redhat-linux/11/:/usr/lib/gcc/x86_64-redhat-linux/]
  ignore line: [LIBRARY_PATH=/usr/lib/gcc/x86_64-redhat-linux/11/:/usr/lib/gcc/x86_64-redhat-linux/11/../../../../lib64/:/lib/../lib64/:/usr/lib/../lib64/:/usr/lib/gcc/x86_64-redhat-linux/11/../../../:/lib/:/usr/lib/]
  ignore line: [COLLECT_GCC_OPTIONS='-v' '-o' 'CMakeFiles/cmTC_d50f2.dir/CMakeCCompilerABI.c.o' '-c' '-mtune=generic' '-march=x86-64' '-dumpdir' 'CMakeFiles/cmTC_d50f2.dir/CMakeCCompilerABI.c.']
  ignore line: [Linking C executable cmTC_d50f2]
  ignore line: [/usr/bin/cmake -E cmake_link_script CMakeFiles/cmTC_d50f2.dir/link.txt --verbose=1]
  ignore line: [/usr/bin/cc  -v -rdynamic CMakeFiles/cmTC_d50f2.dir/CMakeCCompilerABI.c.o -o cmTC_d50f2 ]
  ignore line: [Using built-in specs.]
  ignore line: [COLLECT_GCC=/usr/bin/cc]
  ignore line: [COLLECT_LTO_WRAPPER=/usr/libexec/gcc/x86_64-redhat-linux/11/lto-wrapper]
  ignore line: [OFFLOAD_TARGET_NAMES=nvptx-none]
  ignore line: [OFFLOAD_TARGET_DEFAULT=1]
  ignore line: [Target: x86_64-redhat-linux]
  ignore line: [Configured with: ../configure --enable-bootstrap --enable-languages=c c++ fortran objc obj-c++ ada go d lto --prefix=/usr --mandir=/usr/share/man --infodir=/usr/share/info --with-bugurl=http://bugzilla.redhat.com/bugzilla --enable-shared --enable-threads=posix --enable-checking=release --enable-multilib --with-system-zlib --enable-__cxa_atexit --disable-libunwind-exceptions --enable-gnu-unique-object --enable-linker-build-id --with-gcc-major-version-only --with-linker-hash-style=gnu --enable-plugin --enable-initfini-array --with-isl=/builddir/build/BUILD/gcc-11.2.1-20220127/obj-x86_64-redhat-linux/isl-install --enable-offload-targets=nvptx-none --without-cuda-driver --enable-gnu-indirect-function --enable-cet --with-tune=generic --with-arch_32=i686 --build=x86_64-redhat-linux --with-build-config=bootstrap-lto --enable-link-serialization=1]
  ignore line: [Thread model: posix]
  ignore line: [Supported LTO compression algorithms: zlib zstd]
  ignore line: [gcc version 11.2.1 20220127 (Red Hat 11.2.1-9) (GCC) ]
  ignore line: [COMPILER_PATH=/usr/libexec/gcc/x86_64-redhat-linux/11/:/usr/libexec/gcc/x86_64-redhat-linux/11/:/usr/libexec/gcc/x86_64-redhat-linux/:/usr/lib/gcc/x86_64-redhat-linux/11/:/usr/lib/gcc/x86_64-redhat-linux/]
  ignore line: [LIBRARY_PATH=/usr/lib/gcc/x86_64-redhat-linux/11/:/usr/lib/gcc/x86_64-redhat-linux/11/../../../../lib64/:/lib/../lib64/:/usr/lib/../lib64/:/usr/lib/gcc/x86_64-redhat-linux/11/../../../:/lib/:/usr/lib/]
  ignore line: [COLLECT_GCC_OPTIONS='-v' '-rdynamic' '-o' 'cmTC_d50f2' '-mtune=generic' '-march=x86-64' '-dumpdir' 'cmTC_d50f2.']
  link line: [ /usr/libexec/gcc/x86_64-redhat-linux/11/collect2 -plugin /usr/libexec/gcc/x86_64-redhat-linux/11/liblto_plugin.so -plugin-opt=/usr/libexec/gcc/x86_64-redhat-linux/11/lto-wrapper -plugin-opt=-fresolution=/tmp/cclOq7BL.res -plugin-opt=-pass-through=-lgcc -plugin-opt=-pass-through=-lgcc_s -plugin-opt=-pass-through=-lc -plugin-opt=-pass-through=-lgcc -plugin-opt=-pass-through=-lgcc_s --build-id --no-add-needed --eh-frame-hdr --hash-style=gnu -m elf_x86_64 -export-dynamic -dynamic-linker /lib64/ld-linux-x86-64.so.2 -o cmTC_d50f2 /usr/lib/gcc/x86_64-redhat-linux/11/../../../../lib64/crt1.o /usr/lib/gcc/x86_64-redhat-linux/11/../../../../lib64/crti.o /usr/lib/gcc/x86_64-redhat-linux/11/crtbegin.o -L/usr/lib/gcc/x86_64-redhat-linux/11 -L/usr/lib/gcc/x86_64-redhat-linux/11/../../../../lib64 -L/lib/../lib64 -L/usr/lib/../lib64 -L/usr/lib/gcc/x86_64-redhat-linux/11/../../.. CMakeFiles/cmTC_d50f2.dir/CMakeCCompilerABI.c.o -lgcc --push-state --as-needed -lgcc_s --pop-state -lc -lgcc --push-state --as-needed -lgcc_s --pop-state /usr/lib/gcc/x86_64-redhat-linux/11/crtend.o /usr/lib/gcc/x86_64-redhat-linux/11/../../../../lib64/crtn.o]
    arg [/usr/libexec/gcc/x86_64-redhat-linux/11/collect2] ==> ignore
    arg [-plugin] ==> ignore
    arg [/usr/libexec/gcc/x86_64-redhat-linux/11/liblto_plugin.so] ==> ignore
    arg [-plugin-opt=/usr/libexec/gcc/x86_64-redhat-linux/11/lto-wrapper] ==> ignore
    arg [-plugin-opt=-fresolution=/tmp/cclOq7BL.res] ==> ignore
    arg [-plugin-opt=-pass-through=-lgcc] ==> ignore
    arg [-plugin-opt=-pass-through=-lgcc_s] ==> ignore
    arg [-plugin-opt=-pass-through=-lc] ==> ignore
    arg [-plugin-opt=-pass-through=-lgcc] ==> ignore
    arg [-plugin-opt=-pass-through=-lgcc_s] ==> ignore
    arg [--build-id] ==> ignore
    arg [--no-add-needed] ==> ignore
    arg [--eh-frame-hdr] ==> ignore
    arg [--hash-style=gnu] ==> ignore
    arg [-m] ==> ignore
    arg [elf_x86_64] ==> ignore
    arg [-export-dynamic] ==> ignore
    arg [-dynamic-linker] ==> ignore
    arg [/lib64/ld-linux-x86-64.so.2] ==> ignore
    arg [-o] ==> ignore
    arg [cmTC_d50f2] ==> ignore
    arg [/usr/lib/gcc/x86_64-redhat-linux/11/../../../../lib64/crt1.o] ==> obj [/usr/lib/gcc/x86_64-redhat-linux/11/../../../../lib64/crt1.o]
    arg [/usr/lib/gcc/x86_64-redhat-linux/11/../../../../lib64/crti.o] ==> obj [/usr/lib/gcc/x86_64-redhat-linux/11/../../../../lib64/crti.o]
    arg [/usr/lib/gcc/x86_64-redhat-linux/11/crtbegin.o] ==> obj [/usr/lib/gcc/x86_64-redhat-linux/11/crtbegin.o]
    arg [-L/usr/lib/gcc/x86_64-redhat-linux/11] ==> dir [/usr/lib/gcc/x86_64-redhat-linux/11]
    arg [-L/usr/lib/gcc/x86_64-redhat-linux/11/../../../../lib64] ==> dir [/usr/lib/gcc/x86_64-redhat-linux/11/../../../../lib64]
    arg [-L/lib/../lib64] ==> dir [/lib/../lib64]
    arg [-L/usr/lib/../lib64] ==> dir [/usr/lib/../lib64]
    arg [-L/usr/lib/gcc/x86_64-redhat-linux/11/../../..] ==> dir [/usr/lib/gcc/x86_64-redhat-linux/11/../../..]
    arg [CMakeFiles/cmTC_d50f2.dir/CMakeCCompilerABI.c.o] ==> ignore
    arg [-lgcc] ==> lib [gcc]
    arg [--push-state] ==> ignore
    arg [--as-needed] ==> ignore
    arg [-lgcc_s] ==> lib [gcc_s]
    arg [--pop-state] ==> ignore
    arg [-lc] ==> lib [c]
    arg [-lgcc] ==> lib [gcc]
    arg [--push-state] ==> ignore
    arg [--as-needed] ==> ignore
    arg [-lgcc_s] ==> lib [gcc_s]
    arg [--pop-state] ==> ignore
    arg [/usr/lib/gcc/x86_64-redhat-linux/11/crtend.o] ==> obj [/usr/lib/gcc/x86_64-redhat-linux/11/crtend.o]
    arg [/usr/lib/gcc/x86_64-redhat-linux/11/../../../../lib64/crtn.o] ==> obj [/usr/lib/gcc/x86_64-redhat-linux/11/../../../../lib64/crtn.o]
  collapse obj [/usr/lib/gcc/x86_64-redhat-linux/11/../../../../lib64/crt1.o] ==> [/usr/lib64/crt1.o]
  collapse obj [/usr/lib/gcc/x86_64-redhat-linux/11/../../../../lib64/crti.o] ==> [/usr/lib64/crti.o]
  collapse obj [/usr/lib/gcc/x86_64-redhat-linux/11/../../../../lib64/crtn.o] ==> [/usr/lib64/crtn.o]
  collapse library dir [/usr/lib/gcc/x86_64-redhat-linux/11] ==> [/usr/lib/gcc/x86_64-redhat-linux/11]
  collapse library dir [/usr/lib/gcc/x86_64-redhat-linux/11/../../../../lib64] ==> [/usr/lib64]
  collapse library dir [/lib/../lib64] ==> [/lib64]
  collapse library dir [/usr/lib/../lib64] ==> [/usr/lib64]
  collapse library dir [/usr/lib/gcc/x86_64-redhat-linux/11/../../..] ==> [/usr/lib]
  implicit libs: [gcc;gcc_s;c;gcc;gcc_s]
  implicit objs: [/usr/lib64/crt1.o;/usr/lib64/crti.o;/usr/lib/gcc/x86_64-redhat-linux/11/crtbegin.o;/usr/lib/gcc/x86_64-redhat-linux/11/crtend.o;/usr/lib64/crtn.o]
  implicit dirs: [/usr/lib/gcc/x86_64-redhat-linux/11;/usr/lib64;/lib64;/usr/lib]
  implicit fwks: []


Detecting CXX compiler ABI info compiled with the following output:
Change Dir: /home/nema/DevOgl/Common/freeglut-3.2.2/build/CMakeFiles/CMakeTmp

Run Build Command(s):/usr/bin/gmake -f Makefile cmTC_503ca/fast && /usr/bin/gmake  -f CMakeFiles/cmTC_503ca.dir/build.make CMakeFiles/cmTC_503ca.dir/build
gmake[1]: Entering directory '/home/nema/DevOgl/Common/freeglut-3.2.2/build/CMakeFiles/CMakeTmp'
Building CXX object CMakeFiles/cmTC_503ca.dir/CMakeCXXCompilerABI.cpp.o
/usr/bin/c++   -v -o CMakeFiles/cmTC_503ca.dir/CMakeCXXCompilerABI.cpp.o -c /usr/share/cmake/Modules/CMakeCXXCompilerABI.cpp
Using built-in specs.
COLLECT_GCC=/usr/bin/c++
OFFLOAD_TARGET_NAMES=nvptx-none
OFFLOAD_TARGET_DEFAULT=1
Target: x86_64-redhat-linux
Configured with: ../configure --enable-bootstrap --enable-languages=c,c++,fortran,objc,obj-c++,ada,go,d,lto --prefix=/usr --mandir=/usr/share/man --infodir=/usr/share/info --with-bugurl=http://bugzilla.redhat.com/bugzilla --enable-shared --enable-threads=posix --enable-checking=release --enable-multilib --with-system-zlib --enable-__cxa_atexit --disable-libunwind-exceptions --enable-gnu-unique-object --enable-linker-build-id --with-gcc-major-version-only --with-linker-hash-style=gnu --enable-plugin --enable-initfini-array --with-isl=/builddir/build/BUILD/gcc-11.2.1-20220127/obj-x86_64-redhat-linux/isl-install --enable-offload-targets=nvptx-none --without-cuda-driver --enable-gnu-indirect-function --enable-cet --with-tune=generic --with-arch_32=i686 --build=x86_64-redhat-linux --with-build-config=bootstrap-lto --enable-link-serialization=1
Thread model: posix
Supported LTO compression algorithms: zlib zstd
gcc version 11.2.1 20220127 (Red Hat 11.2.1-9) (GCC) 
COLLECT_GCC_OPTIONS='-v' '-o' 'CMakeFiles/cmTC_503ca.dir/CMakeCXXCompilerABI.cpp.o' '-c' '-shared-libgcc' '-mtune=generic' '-march=x86-64' '-dumpdir' 'CMakeFiles/cmTC_503ca.dir/'
 /usr/libexec/gcc/x86_64-redhat-linux/11/cc1plus -quiet -v -D_GNU_SOURCE /usr/share/cmake/Modules/CMakeCXXCompilerABI.cpp -quiet -dumpdir CMakeFiles/cmTC_503ca.dir/ -dumpbase CMakeCXXCompilerABI.cpp.cpp -dumpbase-ext .cpp -mtune=generic -march=x86-64 -version -o /tmp/ccOyonJh.s
GNU C++17 (GCC) version 11.2.1 20220127 (Red Hat 11.2.1-9) (x86_64-redhat-linux)
	compiled by GNU C version 11.2.1 20220127 (Red Hat 11.2.1-9), GMP version 6.2.0, MPFR version 4.1.0-p13, MPC version 1.2.1, isl version isl-0.18-GMP

GGC heuristics: --param ggc-min-expand=100 --param ggc-min-heapsize=131072
ignoring nonexistent directory "/usr/lib/gcc/x86_64-redhat-linux/11/include-fixed"
ignoring nonexistent directory "/usr/lib/gcc/x86_64-redhat-linux/11/../../../../x86_64-redhat-linux/include"
#include "..." search starts here:
#include <...> search starts here:
 /usr/lib/gcc/x86_64-redhat-linux/11/../../../../include/c++/11
 /usr/lib/gcc/x86_64-redhat-linux/11/../../../../include/c++/11/x86_64-redhat-linux
 /usr/lib/gcc/x86_64-redhat-linux/11/../../../../include/c++/11/backward
 /usr/lib/gcc/x86_64-redhat-linux/11/include
 /usr/local/include
 /usr/include
End of search list.
GNU C++17 (GCC) version 11.2.1 20220127 (Red Hat 11.2.1-9) (x86_64-redhat-linux)
	compiled by GNU C version 11.2.1 20220127 (Red Hat 11.2.1-9), GMP version 6.2.0, MPFR version 4.1.0-p13, MPC version 1.2.1, isl version isl-0.18-GMP

GGC heuristics: --param ggc-min-expand=100 --param ggc-min-heapsize=131072
Compiler executable checksum: e80ddce1451d1b9471a6adee59f3d39d
COLLECT_GCC_OPTIONS='-v' '-o' 'CMakeFiles/cmTC_503ca.dir/CMakeCXXCompilerABI.cpp.o' '-c' '-shared-libgcc' '-mtune=generic' '-march=x86-64' '-dumpdir' 'CMakeFiles/cmTC_503ca.dir/'
 as -v --64 -o CMakeFiles/cmTC_503ca.dir/CMakeCXXCompilerABI.cpp.o /tmp/ccOyonJh.s
GNU assembler version 2.37 (x86_64-redhat-linux) using BFD version version 2.37-10.fc35
COMPILER_PATH=/usr/libexec/gcc/x86_64-redhat-linux/11/:/usr/libexec/gcc/x86_64-redhat-linux/11/:/usr/libexec/gcc/x86_64-redhat-linux/:/usr/lib/gcc/x86_64-redhat-linux/11/:/usr/lib/gcc/x86_64-redhat-linux/
LIBRARY_PATH=/usr/lib/gcc/x86_64-redhat-linux/11/:/usr/lib/gcc/x86_64-redhat-linux/11/../../../../lib64/:/lib/../lib64/:/usr/lib/../lib64/:/usr/lib/gcc/x86_64-redhat-linux/11/../../../:/lib/:/usr/lib/
COLLECT_GCC_OPTIONS='-v' '-o' 'CMakeFiles/cmTC_503ca.dir/CMakeCXXCompilerABI.cpp.o' '-c' '-shared-libgcc' '-mtune=generic' '-march=x86-64' '-dumpdir' 'CMakeFiles/cmTC_503ca.dir/CMakeCXXCompilerABI.cpp.'
Linking CXX executable cmTC_503ca
/usr/bin/cmake -E cmake_link_script CMakeFiles/cmTC_503ca.dir/link.txt --verbose=1
/usr/bin/c++  -v -rdynamic CMakeFiles/cmTC_503ca.dir/CMakeCXXCompilerABI.cpp.o -o cmTC_503ca 
Using built-in specs.
COLLECT_GCC=/usr/bin/c++
COLLECT_LTO_WRAPPER=/usr/libexec/gcc/x86_64-redhat-linux/11/lto-wrapper
OFFLOAD_TARGET_NAMES=nvptx-none
OFFLOAD_TARGET_DEFAULT=1
Target: x86_64-redhat-linux
Configured with: ../configure --enable-bootstrap --enable-languages=c,c++,fortran,objc,obj-c++,ada,go,d,lto --prefix=/usr --mandir=/usr/share/man --infodir=/usr/share/info --with-bugurl=http://bugzilla.redhat.com/bugzilla --enable-shared --enable-threads=posix --enable-checking=release --enable-multilib --with-system-zlib --enable-__cxa_atexit --disable-libunwind-exceptions --enable-gnu-unique-object --enable-linker-build-id --with-gcc-major-version-only --with-linker-hash-style=gnu --enable-plugin --enable-initfini-array --with-isl=/builddir/build/BUILD/gcc-11.2.1-20220127/obj-x86_64-redhat-linux/isl-install --enable-offload-targets=nvptx-none --without-cuda-driver --enable-gnu-indirect-function --enable-cet --with-tune=generic --with-arch_32=i686 --build=x86_64-redhat-linux --with-build-config=bootstrap-lto --enable-link-serialization=1
Thread model: posix
Supported LTO compression algorithms: zlib zstd
gcc version 11.2.1 20220127 (Red Hat 11.2.1-9) (GCC) 
COMPILER_PATH=/usr/libexec/gcc/x86_64-redhat-linux/11/:/usr/libexec/gcc/x86_64-redhat-linux/11/:/usr/libexec/gcc/x86_64-redhat-linux/:/usr/lib/gcc/x86_64-redhat-linux/11/:/usr/lib/gcc/x86_64-redhat-linux/
LIBRARY_PATH=/usr/lib/gcc/x86_64-redhat-linux/11/:/usr/lib/gcc/x86_64-redhat-linux/11/../../../../lib64/:/lib/../lib64/:/usr/lib/../lib64/:/usr/lib/gcc/x86_64-redhat-linux/11/../../../:/lib/:/usr/lib/
COLLECT_GCC_OPTIONS='-v' '-rdynamic' '-o' 'cmTC_503ca' '-shared-libgcc' '-mtune=generic' '-march=x86-64' '-dumpdir' 'cmTC_503ca.'
 /usr/libexec/gcc/x86_64-redhat-linux/11/collect2 -plugin /usr/libexec/gcc/x86_64-redhat-linux/11/liblto_plugin.so -plugin-opt=/usr/libexec/gcc/x86_64-redhat-linux/11/lto-wrapper -plugin-opt=-fresolution=/tmp/cc0v95s5.res -plugin-opt=-pass-through=-lgcc_s -plugin-opt=-pass-through=-lgcc -plugin-opt=-pass-through=-lc -plugin-opt=-pass-through=-lgcc_s -plugin-opt=-pass-through=-lgcc --build-id --no-add-needed --eh-frame-hdr --hash-style=gnu -m elf_x86_64 -export-dynamic -dynamic-linker /lib64/ld-linux-x86-64.so.2 -o cmTC_503ca /usr/lib/gcc/x86_64-redhat-linux/11/../../../../lib64/crt1.o /usr/lib/gcc/x86_64-redhat-linux/11/../../../../lib64/crti.o /usr/lib/gcc/x86_64-redhat-linux/11/crtbegin.o -L/usr/lib/gcc/x86_64-redhat-linux/11 -L/usr/lib/gcc/x86_64-redhat-linux/11/../../../../lib64 -L/lib/../lib64 -L/usr/lib/../lib64 -L/usr/lib/gcc/x86_64-redhat-linux/11/../../.. CMakeFiles/cmTC_503ca.dir/CMakeCXXCompilerABI.cpp.o -lstdc++ -lm -lgcc_s -lgcc -lc -lgcc_s -lgcc /usr/lib/gcc/x86_64-redhat-linux/11/crtend.o /usr/lib/gcc/x86_64-redhat-linux/11/../../../../lib64/crtn.o
COLLECT_GCC_OPTIONS='-v' '-rdynamic' '-o' 'cmTC_503ca' '-shared-libgcc' '-mtune=generic' '-march=x86-64' '-dumpdir' 'cmTC_503ca.'
gmake[1]: Leaving directory '/home/nema/DevOgl/Common/freeglut-3.2.2/build/CMakeFiles/CMakeTmp'



Parsed CXX implicit include dir info from above output: rv=done
  found start of include info
  found start of implicit include info
    add: [/usr/lib/gcc/x86_64-redhat-linux/11/../../../../include/c++/11]
    add: [/usr/lib/gcc/x86_64-redhat-linux/11/../../../../include/c++/11/x86_64-redhat-linux]
    add: [/usr/lib/gcc/x86_64-redhat-linux/11/../../../../include/c++/11/backward]
    add: [/usr/lib/gcc/x86_64-redhat-linux/11/include]
    add: [/usr/local/include]
    add: [/usr/include]
  end of search list found
  collapse include dir [/usr/lib/gcc/x86_64-redhat-linux/11/../../../../include/c++/11] ==> [/usr/include/c++/11]
  collapse include dir [/usr/lib/gcc/x86_64-redhat-linux/11/../../../../include/c++/11/x86_64-redhat-linux] ==> [/usr/include/c++/11/x86_64-redhat-linux]
  collapse include dir [/usr/lib/gcc/x86_64-redhat-linux/11/../../../../include/c++/11/backward] ==> [/usr/include/c++/11/backward]
  collapse include dir [/usr/lib/gcc/x86_64-redhat-linux/11/include] ==> [/usr/lib/gcc/x86_64-redhat-linux/11/include]
  collapse include dir [/usr/local/include] ==> [/usr/local/include]
  collapse include dir [/usr/include] ==> [/usr/include]
  implicit include dirs: [/usr/include/c++/11;/usr/include/c++/11/x86_64-redhat-linux;/usr/include/c++/11/backward;/usr/lib/gcc/x86_64-redhat-linux/11/include;/usr/local/include;/usr/include]


Parsed CXX implicit link information from above output:
  link line regex: [^( *|.*[/\])(ld|CMAKE_LINK_STARTFILE-NOTFOUND|([^/\]+-)?ld|collect2)[^/\]*( |$)]
  ignore line: [Change Dir: /home/nema/DevOgl/Common/freeglut-3.2.2/build/CMakeFiles/CMakeTmp]
  ignore line: []
  ignore line: [Run Build Command(s):/usr/bin/gmake -f Makefile cmTC_503ca/fast && /usr/bin/gmake  -f CMakeFiles/cmTC_503ca.dir/build.make CMakeFiles/cmTC_503ca.dir/build]
  ignore line: [gmake[1]: Entering directory '/home/nema/DevOgl/Common/freeglut-3.2.2/build/CMakeFiles/CMakeTmp']
  ignore line: [Building CXX object CMakeFiles/cmTC_503ca.dir/CMakeCXXCompilerABI.cpp.o]
  ignore line: [/usr/bin/c++   -v -o CMakeFiles/cmTC_503ca.dir/CMakeCXXCompilerABI.cpp.o -c /usr/share/cmake/Modules/CMakeCXXCompilerABI.cpp]
  ignore line: [Using built-in specs.]
  ignore line: [COLLECT_GCC=/usr/bin/c++]
  ignore line: [OFFLOAD_TARGET_NAMES=nvptx-none]
  ignore line: [OFFLOAD_TARGET_DEFAULT=1]
  ignore line: [Target: x86_64-redhat-linux]
  ignore line: [Configured with: ../configure --enable-bootstrap --enable-languages=c c++ fortran objc obj-c++ ada go d lto --prefix=/usr --mandir=/usr/share/man --infodir=/usr/share/info --with-bugurl=http://bugzilla.redhat.com/bugzilla --enable-shared --enable-threads=posix --enable-checking=release --enable-multilib --with-system-zlib --enable-__cxa_atexit --disable-libunwind-exceptions --enable-gnu-unique-object --enable-linker-build-id --with-gcc-major-version-only --with-linker-hash-style=gnu --enable-plugin --enable-initfini-array --with-isl=/builddir/build/BUILD/gcc-11.2.1-20220127/obj-x86_64-redhat-linux/isl-install --enable-offload-targets=nvptx-none --without-cuda-driver --enable-gnu-indirect-function --enable-cet --with-tune=generic --with-arch_32=i686 --build=x86_64-redhat-linux --with-build-config=bootstrap-lto --enable-link-serialization=1]
  ignore line: [Thread model: posix]
  ignore line: [Supported LTO compression algorithms: zlib zstd]
  ignore line: [gcc version 11.2.1 20220127 (Red Hat 11.2.1-9) (GCC) ]
  ignore line: [COLLECT_GCC_OPTIONS='-v' '-o' 'CMakeFiles/cmTC_503ca.dir/CMakeCXXCompilerABI.cpp.o' '-c' '-shared-libgcc' '-mtune=generic' '-march=x86-64' '-dumpdir' 'CMakeFiles/cmTC_503ca.dir/']
  ignore line: [ /usr/libexec/gcc/x86_64-redhat-linux/11/cc1plus -quiet -v -D_GNU_SOURCE /usr/share/cmake/Modules/CMakeCXXCompilerABI.cpp -quiet -dumpdir CMakeFiles/cmTC_503ca.dir/ -dumpbase CMakeCXXCompilerABI.cpp.cpp -dumpbase-ext .cpp -mtune=generic -march=x86-64 -version -o /tmp/ccOyonJh.s]
  ignore line: [GNU C++17 (GCC) version 11.2.1 20220127 (Red Hat 11.2.1-9) (x86_64-redhat-linux)]
  ignore line: [	compiled by GNU C version 11.2.1 20220127 (Red Hat 11.2.1-9)  GMP version 6.2.0  MPFR version 4.1.0-p13  MPC version 1.2.1  isl version isl-0.18-GMP]
  ignore line: []
  ignore line: [GGC heuristics: --param ggc-min-expand=100 --param ggc-min-heapsize=131072]
  ignore line: [ignoring nonexistent directory "/usr/lib/gcc/x86_64-redhat-linux/11/include-fixed"]
  ignore line: [ignoring nonexistent directory "/usr/lib/gcc/x86_64-redhat-linux/11/../../../../x86_64-redhat-linux/include"]
  ignore line: [#include "..." search starts here:]
  ignore line: [#include <...> search starts here:]
  ignore line: [ /usr/lib/gcc/x86_64-redhat-linux/11/../../../../include/c++/11]
  ignore line: [ /usr/lib/gcc/x86_64-redhat-linux/11/../../../../include/c++/11/x86_64-redhat-linux]
  ignore line: [ /usr/lib/gcc/x86_64-redhat-linux/11/../../../../include/c++/11/backward]
  ignore line: [ /usr/lib/gcc/x86_64-redhat-linux/11/include]
  ignore line: [ /usr/local/include]
  ignore line: [ /usr/include]
  ignore line: [End of search list.]
  ignore line: [GNU C++17 (GCC) version 11.2.1 20220127 (Red Hat 11.2.1-9) (x86_64-redhat-linux)]
  ignore line: [	compiled by GNU C version 11.2.1 20220127 (Red Hat 11.2.1-9)  GMP version 6.2.0  MPFR version 4.1.0-p13  MPC version 1.2.1  isl version isl-0.18-GMP]
  ignore line: []
  ignore line: [GGC heuristics: --param ggc-min-expand=100 --param ggc-min-heapsize=131072]
  ignore line: [Compiler executable checksum: e80ddce1451d1b9471a6adee59f3d39d]
  ignore line: [COLLECT_GCC_OPTIONS='-v' '-o' 'CMakeFiles/cmTC_503ca.dir/CMakeCXXCompilerABI.cpp.o' '-c' '-shared-libgcc' '-mtune=generic' '-march=x86-64' '-dumpdir' 'CMakeFiles/cmTC_503ca.dir/']
  ignore line: [ as -v --64 -o CMakeFiles/cmTC_503ca.dir/CMakeCXXCompilerABI.cpp.o /tmp/ccOyonJh.s]
  ignore line: [GNU assembler version 2.37 (x86_64-redhat-linux) using BFD version version 2.37-10.fc35]
  ignore line: [COMPILER_PATH=/usr/libexec/gcc/x86_64-redhat-linux/11/:/usr/libexec/gcc/x86_64-redhat-linux/11/:/usr/libexec/gcc/x86_64-redhat-linux/:/usr/lib/gcc/x86_64-redhat-linux/11/:/usr/lib/gcc/x86_64-redhat-linux/]
  ignore line: [LIBRARY_PATH=/usr/lib/gcc/x86_64-redhat-linux/11/:/usr/lib/gcc/x86_64-redhat-linux/11/../../../../lib64/:/lib/../lib64/:/usr/lib/../lib64/:/usr/lib/gcc/x86_64-redhat-linux/11/../../../:/lib/:/usr/lib/]
  ignore line: [COLLECT_GCC_OPTIONS='-v' '-o' 'CMakeFiles/cmTC_503ca.dir/CMakeCXXCompilerABI.cpp.o' '-c' '-shared-libgcc' '-mtune=generic' '-march=x86-64' '-dumpdir' 'CMakeFiles/cmTC_503ca.dir/CMakeCXXCompilerABI.cpp.']
  ignore line: [Linking CXX executable cmTC_503ca]
  ignore line: [/usr/bin/cmake -E cmake_link_script CMakeFiles/cmTC_503ca.dir/link.txt --verbose=1]
  ignore line: [/usr/bin/c++  -v -rdynamic CMakeFiles/cmTC_503ca.dir/CMakeCXXCompilerABI.cpp.o -o cmTC_503ca ]
  ignore line: [Using built-in specs.]
  ignore line: [COLLECT_GCC=/usr/bin/c++]
  ignore line: [COLLECT_LTO_WRAPPER=/usr/libexec/gcc/x86_64-redhat-linux/11/lto-wrapper]
  ignore line: [OFFLOAD_TARGET_NAMES=nvptx-none]
  ignore line: [OFFLOAD_TARGET_DEFAULT=1]
  ignore line: [Target: x86_64-redhat-linux]
  ignore line: [Configured with: ../configure --enable-bootstrap --enable-languages=c c++ fortran objc obj-c++ ada go d lto --prefix=/usr --mandir=/usr/share/man --infodir=/usr/share/info --with-bugurl=http://bugzilla.redhat.com/bugzilla --enable-shared --enable-threads=posix --enable-checking=release --enable-multilib --with-system-zlib --enable-__cxa_atexit --disable-libunwind-exceptions --enable-gnu-unique-object --enable-linker-build-id --with-gcc-major-version-only --with-linker-hash-style=gnu --enable-plugin --enable-initfini-array --with-isl=/builddir/build/BUILD/gcc-11.2.1-20220127/obj-x86_64-redhat-linux/isl-install --enable-offload-targets=nvptx-none --without-cuda-driver --enable-gnu-indirect-function --enable-cet --with-tune=generic --with-arch_32=i686 --build=x86_64-redhat-linux --with-build-config=bootstrap-lto --enable-link-serialization=1]
  ignore line: [Thread model: posix]
  ignore line: [Supported LTO compression algorithms: zlib zstd]
  ignore line: [gcc version 11.2.1 20220127 (Red Hat 11.2.1-9) (GCC) ]
  ignore line: [COMPILER_PATH=/usr/libexec/gcc/x86_64-redhat-linux/11/:/usr/libexec/gcc/x86_64-redhat-linux/11/:/usr/libexec/gcc/x86_64-redhat-linux/:/usr/lib/gcc/x86_64-redhat-linux/11/:/usr/lib/gcc/x86_64-redhat-linux/]
  ignore line: [LIBRARY_PATH=/usr/lib/gcc/x86_64-redhat-linux/11/:/usr/lib/gcc/x86_64-redhat-linux/11/../../../../lib64/:/lib/../lib64/:/usr/lib/../lib64/:/usr/lib/gcc/x86_64-redhat-linux/11/../../../:/lib/:/usr/lib/]
  ignore line: [COLLECT_GCC_OPTIONS='-v' '-rdynamic' '-o' 'cmTC_503ca' '-shared-libgcc' '-mtune=generic' '-march=x86-64' '-dumpdir' 'cmTC_503ca.']
  link line: [ /usr/libexec/gcc/x86_64-redhat-linux/11/collect2 -plugin /usr/libexec/gcc/x86_64-redhat-linux/11/liblto_plugin.so -plugin-opt=/usr/libexec/gcc/x86_64-redhat-linux/11/lto-wrapper -plugin-opt=-fresolution=/tmp/cc0v95s5.res -plugin-opt=-pass-through=-lgcc_s -plugin-opt=-pass-through=-lgcc -plugin-opt=-pass-through=-lc -plugin-opt=-pass-through=-lgcc_s -plugin-opt=-pass-through=-lgcc --build-id --no-add-needed --eh-frame-hdr --hash-style=gnu -m elf_x86_64 -export-dynamic -dynamic-linker /lib64/ld-linux-x86-64.so.2 -o cmTC_503ca /usr/lib/gcc/x86_64-redhat-linux/11/../../../../lib64/crt1.o /usr/lib/gcc/x86_64-redhat-linux/11/../../../../lib64/crti.o /usr/lib/gcc/x86_64-redhat-linux/11/crtbegin.o -L/usr/lib/gcc/x86_64-redhat-linux/11 -L/usr/lib/gcc/x86_64-redhat-linux/11/../../../../lib64 -L/lib/../lib64 -L/usr/lib/../lib64 -L/usr/lib/gcc/x86_64-redhat-linux/11/../../.. CMakeFiles/cmTC_503ca.dir/CMakeCXXCompilerABI.cpp.o -lstdc++ -lm -lgcc_s -lgcc -lc -lgcc_s -lgcc /usr/lib/gcc/x86_64-redhat-linux/11/crtend.o /usr/lib/gcc/x86_64-redhat-linux/11/../../../../lib64/crtn.o]
    arg [/usr/libexec/gcc/x86_64-redhat-linux/11/collect2] ==> ignore
    arg [-plugin] ==> ignore
    arg [/usr/libexec/gcc/x86_64-redhat-linux/11/liblto_plugin.so] ==> ignore
    arg [-plugin-opt=/usr/libexec/gcc/x86_64-redhat-linux/11/lto-wrapper] ==> ignore
    arg [-plugin-opt=-fresolution=/tmp/cc0v95s5.res] ==> ignore
    arg [-plugin-opt=-pass-through=-lgcc_s] ==> ignore
    arg [-plugin-opt=-pass-through=-lgcc] ==> ignore
    arg [-plugin-opt=-pass-through=-lc] ==> ignore
    arg [-plugin-opt=-pass-through=-lgcc_s] ==> ignore
    arg [-plugin-opt=-pass-through=-lgcc] ==> ignore
    arg [--build-id] ==> ignore
    arg [--no-add-needed] ==> ignore
    arg [--eh-frame-hdr] ==> ignore
    arg [--hash-style=gnu] ==> ignore
    arg [-m] ==> ignore
    arg [elf_x86_64] ==> ignore
    arg [-export-dynamic] ==> ignore
    arg [-dynamic-linker] ==> ignore
    arg [/lib64/ld-linux-x86-64.so.2] ==> ignore
    arg [-o] ==> ignore
    arg [cmTC_503ca] ==> ignore
    arg [/usr/lib/gcc/x86_64-redhat-linux/11/../../../../lib64/crt1.o] ==> obj [/usr/lib/gcc/x86_64-redhat-linux/11/../../../../lib64/crt1.o]
    arg [/usr/lib/gcc/x86_64-redhat-linux/11/../../../../lib64/crti.o] ==> obj [/usr/lib/gcc/x86_64-redhat-linux/11/../../../../lib64/crti.o]
    arg [/usr/lib/gcc/x86_64-redhat-linux/11/crtbegin.o] ==> obj [/usr/lib/gcc/x86_64-redhat-linux/11/crtbegin.o]
    arg [-L/usr/lib/gcc/x86_64-redhat-linux/11] ==> dir [/usr/lib/gcc/x86_64-redhat-linux/11]
    arg [-L/usr/lib/gcc/x86_64-redhat-linux/11/../../../../lib64] ==> dir [/usr/lib/gcc/x86_64-redhat-linux/11/../../../../lib64]
    arg [-L/lib/../lib64] ==> dir [/lib/../lib64]
    arg [-L/usr/lib/../lib64] ==> dir [/usr/lib/../lib64]
    arg [-L/usr/lib/gcc/x86_64-redhat-linux/11/../../..] ==> dir [/usr/lib/gcc/x86_64-redhat-linux/11/../../..]
    arg [CMakeFiles/cmTC_503ca.dir/CMakeCXXCompilerABI.cpp.o] ==> ignore
    arg [-lstdc++] ==> lib [stdc++]
    arg [-lm] ==> lib [m]
    arg [-lgcc_s] ==> lib [gcc_s]
    arg [-lgcc] ==> lib [gcc]
    arg [-lc] ==> lib [c]
    arg [-lgcc_s] ==> lib [gcc_s]
    arg [-lgcc] ==> lib [gcc]
    arg [/usr/lib/gcc/x86_64-redhat-linux/11/crtend.o] ==> obj [/usr/lib/gcc/x86_64-redhat-linux/11/crtend.o]
    arg [/usr/lib/gcc/x86_64-redhat-linux/11/../../../../lib64/crtn.o] ==> obj [/usr/lib/gcc/x86_64-redhat-linux/11/../../../../lib64/crtn.o]
  collapse obj [/usr/lib/gcc/x86_64-redhat-linux/11/../../../../lib64/crt1.o] ==> [/usr/lib64/crt1.o]
  collapse obj [/usr/lib/gcc/x86_64-redhat-linux/11/../../../../lib64/crti.o] ==> [/usr/lib64/crti.o]
  collapse obj [/usr/lib/gcc/x86_64-redhat-linux/11/../../../../lib64/crtn.o] ==> [/usr/lib64/crtn.o]
  collapse library dir [/usr/lib/gcc/x86_64-redhat-linux/11] ==> [/usr/lib/gcc/x86_64-redhat-linux/11]
  collapse library dir [/usr/lib/gcc/x86_64-redhat-linux/11/../../../../lib64] ==> [/usr/lib64]
  collapse library dir [/lib/../lib64] ==> [/lib64]
  collapse library dir [/usr/lib/../lib64] ==> [/usr/lib64]
  collapse library dir [/usr/lib/gcc/x86_64-redhat-linux/11/../../..] ==> [/usr/lib]
  implicit libs: [stdc++;m;gcc_s;gcc;c;gcc_s;gcc]
  implicit objs: [/usr/lib64/crt1.o;/usr/lib64/crti.o;/usr/lib/gcc/x86_64-redhat-linux/11/crtbegin.o;/usr/lib/gcc/x86_64-redhat-linux/11/crtend.o;/usr/lib64/crtn.o]
  implicit dirs: [/usr/lib/gcc/x86_64-redhat-linux/11;/usr/lib64;/lib64;/usr/lib]
  implicit fwks: []


Determining if the function XOpenDisplay exists in the /usr/lib64/libX11.so;/usr/lib64/libXext.so passed with the following output:
Change Dir: /home/nema/DevOgl/Common/freeglut-3.2.2/build/CMakeFiles/CMakeTmp

Run Build Command(s):/usr/bin/gmake -f Makefile cmTC_1f023/fast && /usr/bin/gmake  -f CMakeFiles/cmTC_1f023.dir/build.make CMakeFiles/cmTC_1f023.dir/build
gmake[1]: Entering directory '/home/nema/DevOgl/Common/freeglut-3.2.2/build/CMakeFiles/CMakeTmp'
Building C object CMakeFiles/cmTC_1f023.dir/CheckFunctionExists.c.o
/usr/bin/cc   -Wall -pedantic -DCHECK_FUNCTION_EXISTS=XOpenDisplay -o CMakeFiles/cmTC_1f023.dir/CheckFunctionExists.c.o -c /usr/share/cmake/Modules/CheckFunctionExists.c
Linking C executable cmTC_1f023
/usr/bin/cmake -E cmake_link_script CMakeFiles/cmTC_1f023.dir/link.txt --verbose=1
/usr/bin/cc  -Wall -pedantic -DCHECK_FUNCTION_EXISTS=XOpenDisplay -rdynamic CMakeFiles/cmTC_1f023.dir/CheckFunctionExists.c.o -o cmTC_1f023  /usr/lib64/libX11.so /usr/lib64/libXext.so -lm 
gmake[1]: Leaving directory '/home/nema/DevOgl/Common/freeglut-3.2.2/build/CMakeFiles/CMakeTmp'



Determining if the function gethostbyname exists passed with the following output:
Change Dir: /home/nema/DevOgl/Common/freeglut-3.2.2/build/CMakeFiles/CMakeTmp

Run Build Command(s):/usr/bin/gmake -f Makefile cmTC_df706/fast && /usr/bin/gmake  -f CMakeFiles/cmTC_df706.dir/build.make CMakeFiles/cmTC_df706.dir/build
gmake[1]: Entering directory '/home/nema/DevOgl/Common/freeglut-3.2.2/build/CMakeFiles/CMakeTmp'
Building C object CMakeFiles/cmTC_df706.dir/CheckFunctionExists.c.o
/usr/bin/cc   -Wall -pedantic -DCHECK_FUNCTION_EXISTS=gethostbyname -o CMakeFiles/cmTC_df706.dir/CheckFunctionExists.c.o -c /usr/share/cmake/Modules/CheckFunctionExists.c
Linking C executable cmTC_df706
/usr/bin/cmake -E cmake_link_script CMakeFiles/cmTC_df706.dir/link.txt --verbose=1
/usr/bin/cc  -Wall -pedantic -DCHECK_FUNCTION_EXISTS=gethostbyname -rdynamic CMakeFiles/cmTC_df706.dir/CheckFunctionExists.c.o -o cmTC_df706  -lm 
gmake[1]: Leaving directory '/home/nema/DevOgl/Common/freeglut-3.2.2/build/CMakeFiles/CMakeTmp'



Determining if the function connect exists passed with the following output:
Change Dir: /home/nema/DevOgl/Common/freeglut-3.2.2/build/CMakeFiles/CMakeTmp

Run Build Command(s):/usr/bin/gmake -f Makefile cmTC_7344a/fast && /usr/bin/gmake  -f CMakeFiles/cmTC_7344a.dir/build.make CMakeFiles/cmTC_7344a.dir/build
gmake[1]: Entering directory '/home/nema/DevOgl/Common/freeglut-3.2.2/build/CMakeFiles/CMakeTmp'
Building C object CMakeFiles/cmTC_7344a.dir/CheckFunctionExists.c.o
/usr/bin/cc   -Wall -pedantic -DCHECK_FUNCTION_EXISTS=connect -o CMakeFiles/cmTC_7344a.dir/CheckFunctionExists.c.o -c /usr/share/cmake/Modules/CheckFunctionExists.c
Linking C executable cmTC_7344a
/usr/bin/cmake -E cmake_link_script CMakeFiles/cmTC_7344a.dir/link.txt --verbose=1
/usr/bin/cc  -Wall -pedantic -DCHECK_FUNCTION_EXISTS=connect -rdynamic CMakeFiles/cmTC_7344a.dir/CheckFunctionExists.c.o -o cmTC_7344a  -lm 
gmake[1]: Leaving directory '/home/nema/DevOgl/Common/freeglut-3.2.2/build/CMakeFiles/CMakeTmp'



Determining if the function remove exists passed with the following output:
Change Dir: /home/nema/DevOgl/Common/freeglut-3.2.2/build/CMakeFiles/CMakeTmp

Run Build Command(s):/usr/bin/gmake -f Makefile cmTC_b906d/fast && /usr/bin/gmake  -f CMakeFiles/cmTC_b906d.dir/build.make CMakeFiles/cmTC_b906d.dir/build
gmake[1]: Entering directory '/home/nema/DevOgl/Common/freeglut-3.2.2/build/CMakeFiles/CMakeTmp'
Building C object CMakeFiles/cmTC_b906d.dir/CheckFunctionExists.c.o
/usr/bin/cc   -Wall -pedantic -DCHECK_FUNCTION_EXISTS=remove -o CMakeFiles/cmTC_b906d.dir/CheckFunctionExists.c.o -c /usr/share/cmake/Modules/CheckFunctionExists.c
Linking C executable cmTC_b906d
/usr/bin/cmake -E cmake_link_script CMakeFiles/cmTC_b906d.dir/link.txt --verbose=1
/usr/bin/cc  -Wall -pedantic -DCHECK_FUNCTION_EXISTS=remove -rdynamic CMakeFiles/cmTC_b906d.dir/CheckFunctionExists.c.o -o cmTC_b906d  -lm 
gmake[1]: Leaving directory '/home/nema/DevOgl/Common/freeglut-3.2.2/build/CMakeFiles/CMakeTmp'



Determining if the function shmat exists passed with the following output:
Change Dir: /home/nema/DevOgl/Common/freeglut-3.2.2/build/CMakeFiles/CMakeTmp

Run Build Command(s):/usr/bin/gmake -f Makefile cmTC_0586f/fast && /usr/bin/gmake  -f CMakeFiles/cmTC_0586f.dir/build.make CMakeFiles/cmTC_0586f.dir/build
gmake[1]: Entering directory '/home/nema/DevOgl/Common/freeglut-3.2.2/build/CMakeFiles/CMakeTmp'
Building C object CMakeFiles/cmTC_0586f.dir/CheckFunctionExists.c.o
/usr/bin/cc   -Wall -pedantic -DCHECK_FUNCTION_EXISTS=shmat -o CMakeFiles/cmTC_0586f.dir/CheckFunctionExists.c.o -c /usr/share/cmake/Modules/CheckFunctionExists.c
Linking C executable cmTC_0586f
/usr/bin/cmake -E cmake_link_script CMakeFiles/cmTC_0586f.dir/link.txt --verbose=1
/usr/bin/cc  -Wall -pedantic -DCHECK_FUNCTION_EXISTS=shmat -rdynamic CMakeFiles/cmTC_0586f.dir/CheckFunctionExists.c.o -o cmTC_0586f  -lm 
gmake[1]: Leaving directory '/home/nema/DevOgl/Common/freeglut-3.2.2/build/CMakeFiles/CMakeTmp'



Determining if files /usr/include/X11/extensions/XInput2.h exist passed with the following output:
Change Dir: /home/nema/DevOgl/Common/freeglut-3.2.2/build/CMakeFiles/CMakeTmp

Run Build Command(s):/usr/bin/gmake -f Makefile cmTC_08e8f/fast && /usr/bin/gmake  -f CMakeFiles/cmTC_08e8f.dir/build.make CMakeFiles/cmTC_08e8f.dir/build
gmake[1]: Entering directory '/home/nema/DevOgl/Common/freeglut-3.2.2/build/CMakeFiles/CMakeTmp'
Building C object CMakeFiles/cmTC_08e8f.dir/HAVE_X11_EXTENSIONS_XINPUT2_H.c.o
/usr/bin/cc   -Wall -pedantic  -o CMakeFiles/cmTC_08e8f.dir/HAVE_X11_EXTENSIONS_XINPUT2_H.c.o -c /home/nema/DevOgl/Common/freeglut-3.2.2/build/CMakeFiles/CheckIncludeFiles/HAVE_X11_EXTENSIONS_XINPUT2_H.c
Linking C executable cmTC_08e8f
/usr/bin/cmake -E cmake_link_script CMakeFiles/cmTC_08e8f.dir/link.txt --verbose=1
/usr/bin/cc  -Wall -pedantic  -rdynamic CMakeFiles/cmTC_08e8f.dir/HAVE_X11_EXTENSIONS_XINPUT2_H.c.o -o cmTC_08e8f 
gmake[1]: Leaving directory '/home/nema/DevOgl/Common/freeglut-3.2.2/build/CMakeFiles/CMakeTmp'



Determining if files sys/types.h exist passed with the following output:
Change Dir: /home/nema/DevOgl/Common/freeglut-3.2.2/build/CMakeFiles/CMakeTmp

Run Build Command(s):/usr/bin/gmake -f Makefile cmTC_10a29/fast && /usr/bin/gmake  -f CMakeFiles/cmTC_10a29.dir/build.make CMakeFiles/cmTC_10a29.dir/build
gmake[1]: Entering directory '/home/nema/DevOgl/Common/freeglut-3.2.2/build/CMakeFiles/CMakeTmp'
Building C object CMakeFiles/cmTC_10a29.dir/HAVE_SYS_TYPES_H.c.o
/usr/bin/cc   -Wall -pedantic  -o CMakeFiles/cmTC_10a29.dir/HAVE_SYS_TYPES_H.c.o -c /home/nema/DevOgl/Common/freeglut-3.2.2/build/CMakeFiles/CheckIncludeFiles/HAVE_SYS_TYPES_H.c
Linking C executable cmTC_10a29
/usr/bin/cmake -E cmake_link_script CMakeFiles/cmTC_10a29.dir/link.txt --verbose=1
/usr/bin/cc  -Wall -pedantic  -rdynamic CMakeFiles/cmTC_10a29.dir/HAVE_SYS_TYPES_H.c.o -o cmTC_10a29 
gmake[1]: Leaving directory '/home/nema/DevOgl/Common/freeglut-3.2.2/build/CMakeFiles/CMakeTmp'



Determining if files unistd.h exist passed with the following output:
Change Dir: /home/nema/DevOgl/Common/freeglut-3.2.2/build/CMakeFiles/CMakeTmp

Run Build Command(s):/usr/bin/gmake -f Makefile cmTC_ec3f7/fast && /usr/bin/gmake  -f CMakeFiles/cmTC_ec3f7.dir/build.make CMakeFiles/cmTC_ec3f7.dir/build
gmake[1]: Entering directory '/home/nema/DevOgl/Common/freeglut-3.2.2/build/CMakeFiles/CMakeTmp'
Building C object CMakeFiles/cmTC_ec3f7.dir/HAVE_UNISTD_H.c.o
/usr/bin/cc   -Wall -pedantic  -o CMakeFiles/cmTC_ec3f7.dir/HAVE_UNISTD_H.c.o -c /home/nema/DevOgl/Common/freeglut-3.2.2/build/CMakeFiles/CheckIncludeFiles/HAVE_UNISTD_H.c
Linking C executable cmTC_ec3f7
/usr/bin/cmake -E cmake_link_script CMakeFiles/cmTC_ec3f7.dir/link.txt --verbose=1
/usr/bin/cc  -Wall -pedantic  -rdynamic CMakeFiles/cmTC_ec3f7.dir/HAVE_UNISTD_H.c.o -o cmTC_ec3f7 
gmake[1]: Leaving directory '/home/nema/DevOgl/Common/freeglut-3.2.2/build/CMakeFiles/CMakeTmp'



Determining if files sys/time.h exist passed with the following output:
Change Dir: /home/nema/DevOgl/Common/freeglut-3.2.2/build/CMakeFiles/CMakeTmp

Run Build Command(s):/usr/bin/gmake -f Makefile cmTC_af5a9/fast && /usr/bin/gmake  -f CMakeFiles/cmTC_af5a9.dir/build.make CMakeFiles/cmTC_af5a9.dir/build
gmake[1]: Entering directory '/home/nema/DevOgl/Common/freeglut-3.2.2/build/CMakeFiles/CMakeTmp'
Building C object CMakeFiles/cmTC_af5a9.dir/HAVE_SYS_TIME_H.c.o
/usr/bin/cc   -Wall -pedantic  -o CMakeFiles/cmTC_af5a9.dir/HAVE_SYS_TIME_H.c.o -c /home/nema/DevOgl/Common/freeglut-3.2.2/build/CMakeFiles/CheckIncludeFiles/HAVE_SYS_TIME_H.c
Linking C executable cmTC_af5a9
/usr/bin/cmake -E cmake_link_script CMakeFiles/cmTC_af5a9.dir/link.txt --verbose=1
/usr/bin/cc  -Wall -pedantic  -rdynamic CMakeFiles/cmTC_af5a9.dir/HAVE_SYS_TIME_H.c.o -o cmTC_af5a9 
gmake[1]: Leaving directory '/home/nema/DevOgl/Common/freeglut-3.2.2/build/CMakeFiles/CMakeTmp'



Determining if files stdbool.h exist passed with the following output:
Change Dir: /home/nema/DevOgl/Common/freeglut-3.2.2/build/CMakeFiles/CMakeTmp

Run Build Command(s):/usr/bin/gmake -f Makefile cmTC_814e7/fast && /usr/bin/gmake  -f CMakeFiles/cmTC_814e7.dir/build.make CMakeFiles/cmTC_814e7.dir/build
gmake[1]: Entering directory '/home/nema/DevOgl/Common/freeglut-3.2.2/build/CMakeFiles/CMakeTmp'
Building C object CMakeFiles/cmTC_814e7.dir/HAVE_STDBOOL_H.c.o
/usr/bin/cc   -Wall -pedantic  -o CMakeFiles/cmTC_814e7.dir/HAVE_STDBOOL_H.c.o -c /home/nema/DevOgl/Common/freeglut-3.2.2/build/CMakeFiles/CheckIncludeFiles/HAVE_STDBOOL_H.c
Linking C executable cmTC_814e7
/usr/bin/cmake -E cmake_link_script CMakeFiles/cmTC_814e7.dir/link.txt --verbose=1
/usr/bin/cc  -Wall -pedantic  -rdynamic CMakeFiles/cmTC_814e7.dir/HAVE_STDBOOL_H.c.o -o cmTC_814e7 
gmake[1]: Leaving directory '/home/nema/DevOgl/Common/freeglut-3.2.2/build/CMakeFiles/CMakeTmp'



Determining if files sys/param.h exist passed with the following output:
Change Dir: /home/nema/DevOgl/Common/freeglut-3.2.2/build/CMakeFiles/CMakeTmp

Run Build Command(s):/usr/bin/gmake -f Makefile cmTC_cc76c/fast && /usr/bin/gmake  -f CMakeFiles/cmTC_cc76c.dir/build.make CMakeFiles/cmTC_cc76c.dir/build
gmake[1]: Entering directory '/home/nema/DevOgl/Common/freeglut-3.2.2/build/CMakeFiles/CMakeTmp'
Building C object CMakeFiles/cmTC_cc76c.dir/HAVE_SYS_PARAM_H.c.o
/usr/bin/cc   -Wall -pedantic  -o CMakeFiles/cmTC_cc76c.dir/HAVE_SYS_PARAM_H.c.o -c /home/nema/DevOgl/Common/freeglut-3.2.2/build/CMakeFiles/CheckIncludeFiles/HAVE_SYS_PARAM_H.c
Linking C executable cmTC_cc76c
/usr/bin/cmake -E cmake_link_script CMakeFiles/cmTC_cc76c.dir/link.txt --verbose=1
/usr/bin/cc  -Wall -pedantic  -rdynamic CMakeFiles/cmTC_cc76c.dir/HAVE_SYS_PARAM_H.c.o -o cmTC_cc76c 
gmake[1]: Leaving directory '/home/nema/DevOgl/Common/freeglut-3.2.2/build/CMakeFiles/CMakeTmp'



Determining if files sys/ioctl.h exist passed with the following output:
Change Dir: /home/nema/DevOgl/Common/freeglut-3.2.2/build/CMakeFiles/CMakeTmp

Run Build Command(s):/usr/bin/gmake -f Makefile cmTC_7d1d5/fast && /usr/bin/gmake  -f CMakeFiles/cmTC_7d1d5.dir/build.make CMakeFiles/cmTC_7d1d5.dir/build
gmake[1]: Entering directory '/home/nema/DevOgl/Common/freeglut-3.2.2/build/CMakeFiles/CMakeTmp'
Building C object CMakeFiles/cmTC_7d1d5.dir/HAVE_SYS_IOCTL_H.c.o
/usr/bin/cc   -Wall -pedantic  -o CMakeFiles/cmTC_7d1d5.dir/HAVE_SYS_IOCTL_H.c.o -c /home/nema/DevOgl/Common/freeglut-3.2.2/build/CMakeFiles/CheckIncludeFiles/HAVE_SYS_IOCTL_H.c
Linking C executable cmTC_7d1d5
/usr/bin/cmake -E cmake_link_script CMakeFiles/cmTC_7d1d5.dir/link.txt --verbose=1
/usr/bin/cc  -Wall -pedantic  -rdynamic CMakeFiles/cmTC_7d1d5.dir/HAVE_SYS_IOCTL_H.c.o -o cmTC_7d1d5 
gmake[1]: Leaving directory '/home/nema/DevOgl/Common/freeglut-3.2.2/build/CMakeFiles/CMakeTmp'



Determining if files fcntl.h exist passed with the following output:
Change Dir: /home/nema/DevOgl/Common/freeglut-3.2.2/build/CMakeFiles/CMakeTmp

Run Build Command(s):/usr/bin/gmake -f Makefile cmTC_a6ef8/fast && /usr/bin/gmake  -f CMakeFiles/cmTC_a6ef8.dir/build.make CMakeFiles/cmTC_a6ef8.dir/build
gmake[1]: Entering directory '/home/nema/DevOgl/Common/freeglut-3.2.2/build/CMakeFiles/CMakeTmp'
Building C object CMakeFiles/cmTC_a6ef8.dir/HAVE_FCNTL_H.c.o
/usr/bin/cc   -Wall -pedantic  -o CMakeFiles/cmTC_a6ef8.dir/HAVE_FCNTL_H.c.o -c /home/nema/DevOgl/Common/freeglut-3.2.2/build/CMakeFiles/CheckIncludeFiles/HAVE_FCNTL_H.c
Linking C executable cmTC_a6ef8
/usr/bin/cmake -E cmake_link_script CMakeFiles/cmTC_a6ef8.dir/link.txt --verbose=1
/usr/bin/cc  -Wall -pedantic  -rdynamic CMakeFiles/cmTC_a6ef8.dir/HAVE_FCNTL_H.c.o -o cmTC_a6ef8 
gmake[1]: Leaving directory '/home/nema/DevOgl/Common/freeglut-3.2.2/build/CMakeFiles/CMakeTmp'



Determining if the function gettimeofday exists passed with the following output:
Change Dir: /home/nema/DevOgl/Common/freeglut-3.2.2/build/CMakeFiles/CMakeTmp

Run Build Command(s):/usr/bin/gmake -f Makefile cmTC_019f1/fast && /usr/bin/gmake  -f CMakeFiles/cmTC_019f1.dir/build.make CMakeFiles/cmTC_019f1.dir/build
gmake[1]: Entering directory '/home/nema/DevOgl/Common/freeglut-3.2.2/build/CMakeFiles/CMakeTmp'
Building C object CMakeFiles/cmTC_019f1.dir/CheckFunctionExists.c.o
/usr/bin/cc   -Wall -pedantic -DCHECK_FUNCTION_EXISTS=gettimeofday -o CMakeFiles/cmTC_019f1.dir/CheckFunctionExists.c.o -c /usr/share/cmake/Modules/CheckFunctionExists.c
Linking C executable cmTC_019f1
/usr/bin/cmake -E cmake_link_script CMakeFiles/cmTC_019f1.dir/link.txt --verbose=1
/usr/bin/cc  -Wall -pedantic -DCHECK_FUNCTION_EXISTS=gettimeofday -rdynamic CMakeFiles/cmTC_019f1.dir/CheckFunctionExists.c.o -o cmTC_019f1  -lm 
gmake[1]: Leaving directory '/home/nema/DevOgl/Common/freeglut-3.2.2/build/CMakeFiles/CMakeTmp'



Determining if files stdint.h exist passed with the following output:
Change Dir: /home/nema/DevOgl/Common/freeglut-3.2.2/build/CMakeFiles/CMakeTmp

Run Build Command(s):/usr/bin/gmake -f Makefile cmTC_bd566/fast && /usr/bin/gmake  -f CMakeFiles/cmTC_bd566.dir/build.make CMakeFiles/cmTC_bd566.dir/build
gmake[1]: Entering directory '/home/nema/DevOgl/Common/freeglut-3.2.2/build/CMakeFiles/CMakeTmp'
Building C object CMakeFiles/cmTC_bd566.dir/HAVE_STDINT_H.c.o
/usr/bin/cc   -Wall -pedantic  -o CMakeFiles/cmTC_bd566.dir/HAVE_STDINT_H.c.o -c /home/nema/DevOgl/Common/freeglut-3.2.2/build/CMakeFiles/CheckIncludeFiles/HAVE_STDINT_H.c
Linking C executable cmTC_bd566
/usr/bin/cmake -E cmake_link_script CMakeFiles/cmTC_bd566.dir/link.txt --verbose=1
/usr/bin/cc  -Wall -pedantic  -rdynamic CMakeFiles/cmTC_bd566.dir/HAVE_STDINT_H.c.o -o cmTC_bd566 
gmake[1]: Leaving directory '/home/nema/DevOgl/Common/freeglut-3.2.2/build/CMakeFiles/CMakeTmp'



Determining if files inttypes.h exist passed with the following output:
Change Dir: /home/nema/DevOgl/Common/freeglut-3.2.2/build/CMakeFiles/CMakeTmp

Run Build Command(s):/usr/bin/gmake -f Makefile cmTC_1d254/fast && /usr/bin/gmake  -f CMakeFiles/cmTC_1d254.dir/build.make CMakeFiles/cmTC_1d254.dir/build
gmake[1]: Entering directory '/home/nema/DevOgl/Common/freeglut-3.2.2/build/CMakeFiles/CMakeTmp'
Building C object CMakeFiles/cmTC_1d254.dir/HAVE_INTTYPES_H.c.o
/usr/bin/cc   -Wall -pedantic  -o CMakeFiles/cmTC_1d254.dir/HAVE_INTTYPES_H.c.o -c /home/nema/DevOgl/Common/freeglut-3.2.2/build/CMakeFiles/CheckIncludeFiles/HAVE_INTTYPES_H.c
Linking C executable cmTC_1d254
/usr/bin/cmake -E cmake_link_script CMakeFiles/cmTC_1d254.dir/link.txt --verbose=1
/usr/bin/cc  -Wall -pedantic  -rdynamic CMakeFiles/cmTC_1d254.dir/HAVE_INTTYPES_H.c.o -o cmTC_1d254 
gmake[1]: Leaving directory '/home/nema/DevOgl/Common/freeglut-3.2.2/build/CMakeFiles/CMakeTmp'



