Determining if files usbhid.h exist failed with the following output:
Change Dir: /home/nema/DevOgl/Common/freeglut-3.2.2/build/CMakeFiles/CMakeTmp

Run Build Command(s):/usr/bin/gmake -f Makefile cmTC_0809c/fast && /usr/bin/gmake  -f CMakeFiles/cmTC_0809c.dir/build.make CMakeFiles/cmTC_0809c.dir/build
gmake[1]: Entering directory '/home/nema/DevOgl/Common/freeglut-3.2.2/build/CMakeFiles/CMakeTmp'
Building C object CMakeFiles/cmTC_0809c.dir/HAVE_USBHID_H.c.o
/usr/bin/cc   -Wall -pedantic  -o CMakeFiles/cmTC_0809c.dir/HAVE_USBHID_H.c.o -c /home/nema/DevOgl/Common/freeglut-3.2.2/build/CMakeFiles/CheckIncludeFiles/HAVE_USBHID_H.c
/home/nema/DevOgl/Common/freeglut-3.2.2/build/CMakeFiles/CheckIncludeFiles/HAVE_USBHID_H.c:2:10: fatal error: usbhid.h: No such file or directory
    2 | #include <usbhid.h>
      |          ^~~~~~~~~~
compilation terminated.
gmake[1]: *** [CMakeFiles/cmTC_0809c.dir/build.make:78: CMakeFiles/cmTC_0809c.dir/HAVE_USBHID_H.c.o] Error 1
gmake[1]: Leaving directory '/home/nema/DevOgl/Common/freeglut-3.2.2/build/CMakeFiles/CMakeTmp'
gmake: *** [Makefile:127: cmTC_0809c/fast] Error 2


Source:
/* */
#include <usbhid.h>


int main(void){return 0;}

Determining if the function XParseGeometry exists failed with the following output:
Change Dir: /home/nema/DevOgl/Common/freeglut-3.2.2/build/CMakeFiles/CMakeTmp

Run Build Command(s):/usr/bin/gmake -f Makefile cmTC_1483f/fast && /usr/bin/gmake  -f CMakeFiles/cmTC_1483f.dir/build.make CMakeFiles/cmTC_1483f.dir/build
gmake[1]: Entering directory '/home/nema/DevOgl/Common/freeglut-3.2.2/build/CMakeFiles/CMakeTmp'
Building C object CMakeFiles/cmTC_1483f.dir/CheckFunctionExists.c.o
/usr/bin/cc   -Wall -pedantic -DCHECK_FUNCTION_EXISTS=XParseGeometry -o CMakeFiles/cmTC_1483f.dir/CheckFunctionExists.c.o -c /usr/share/cmake/Modules/CheckFunctionExists.c
Linking C executable cmTC_1483f
/usr/bin/cmake -E cmake_link_script CMakeFiles/cmTC_1483f.dir/link.txt --verbose=1
/usr/bin/cc  -Wall -pedantic -DCHECK_FUNCTION_EXISTS=XParseGeometry -rdynamic CMakeFiles/cmTC_1483f.dir/CheckFunctionExists.c.o -o cmTC_1483f  -lm 
/usr/bin/ld: CMakeFiles/cmTC_1483f.dir/CheckFunctionExists.c.o: in function `main':
CheckFunctionExists.c:(.text+0x10): undefined reference to `XParseGeometry'
collect2: error: ld returned 1 exit status
gmake[1]: *** [CMakeFiles/cmTC_1483f.dir/build.make:99: cmTC_1483f] Error 1
gmake[1]: Leaving directory '/home/nema/DevOgl/Common/freeglut-3.2.2/build/CMakeFiles/CMakeTmp'
gmake: *** [Makefile:127: cmTC_1483f/fast] Error 2



